[0.122s] DEBUG:colcon:Command line arguments: ['/usr/bin/colcon', 'build', '--packages-select', 'customer_and_peets']
[0.122s] DEBUG:colcon:Parsed command line arguments: Namespace(allow_overriding=[], ament_cmake_args=None, base_paths=['.'], build_base='build', catkin_cmake_args=None, catkin_skip_building_tests=False, cmake_args=None, cmake_clean_cache=False, cmake_clean_first=False, cmake_force_configure=False, cmake_target=None, cmake_target_skip_unavailable=False, continue_on_error=False, event_handlers=None, executor='parallel', ignore_user_meta=False, install_base='install', log_base=None, log_level=None, main=<bound method BuildVerb.main of <colcon_core.verb.build.BuildVerb object at 0x7f25805cb0a0>>, merge_install=False, metas=['./colcon.meta'], packages_above=None, packages_above_and_dependencies=None, packages_above_depth=None, packages_end=None, packages_ignore=None, packages_ignore_regex=None, packages_select=['customer_and_peets'], packages_select_build_failed=False, packages_select_by_dep=None, packages_select_regex=None, packages_select_test_failures=False, packages_skip=None, packages_skip_build_finished=False, packages_skip_by_dep=None, packages_skip_regex=None, packages_skip_test_passed=False, packages_skip_up_to=None, packages_start=None, packages_up_to=None, packages_up_to_regex=None, parallel_workers=8, paths=None, symlink_install=False, test_result_base=None, verb_extension=<colcon_core.verb.build.BuildVerb object at 0x7f25805cb0a0>, verb_name='build', verb_parser=<colcon_defaults.argument_parser.defaults.DefaultArgumentsDecorator object at 0x7f25805cb550>)
[0.212s] Level 1:colcon.colcon_core.package_discovery:discover_packages(colcon_meta) check parameters
[0.212s] Level 1:colcon.colcon_core.package_discovery:discover_packages(recursive) check parameters
[0.212s] Level 1:colcon.colcon_core.package_discovery:discover_packages(ignore) check parameters
[0.212s] Level 1:colcon.colcon_core.package_discovery:discover_packages(path) check parameters
[0.212s] Level 1:colcon.colcon_core.package_discovery:discover_packages(colcon_meta) discover
[0.212s] Level 1:colcon.colcon_core.package_discovery:discover_packages(recursive) discover
[0.212s] INFO:colcon.colcon_core.package_discovery:Crawling recursively for packages in '/home/mrdan/crs_ws/src/customer_and_peets'
[0.212s] Level 1:colcon.colcon_core.package_identification:_identify(.) by extensions ['ignore', 'ignore_ament_install']
[0.212s] Level 1:colcon.colcon_core.package_identification:_identify(.) by extension 'ignore'
[0.212s] Level 1:colcon.colcon_core.package_identification:_identify(.) by extension 'ignore_ament_install'
[0.212s] Level 1:colcon.colcon_core.package_identification:_identify(.) by extensions ['colcon_pkg']
[0.213s] Level 1:colcon.colcon_core.package_identification:_identify(.) by extension 'colcon_pkg'
[0.213s] Level 1:colcon.colcon_core.package_identification:_identify(.) by extensions ['colcon_meta']
[0.213s] Level 1:colcon.colcon_core.package_identification:_identify(.) by extension 'colcon_meta'
[0.213s] Level 1:colcon.colcon_core.package_identification:_identify(.) by extensions ['ros']
[0.213s] Level 1:colcon.colcon_core.package_identification:_identify(.) by extension 'ros'
[0.222s] DEBUG:colcon.colcon_core.package_identification:Package '.' with type 'ros.ament_cmake' and name 'customer_and_peets'
[0.222s] Level 1:colcon.colcon_core.package_discovery:discover_packages(recursive) using defaults
[0.222s] Level 1:colcon.colcon_core.package_discovery:discover_packages(ignore) discover
[0.222s] Level 1:colcon.colcon_core.package_discovery:discover_packages(ignore) using defaults
[0.222s] Level 1:colcon.colcon_core.package_discovery:discover_packages(path) discover
[0.222s] Level 1:colcon.colcon_core.package_discovery:discover_packages(path) using defaults
[0.233s] Level 1:colcon.colcon_core.package_discovery:discover_packages(prefix_path) check parameters
[0.233s] Level 1:colcon.colcon_core.package_discovery:discover_packages(prefix_path) discover
[0.234s] DEBUG:colcon.colcon_installed_package_information.package_discovery:Found 1 installed packages in /home/mrdan/cartographer_ws/install
[0.234s] DEBUG:colcon.colcon_installed_package_information.package_discovery:Found 12 installed packages in /home/mrdan/dev_ws/install
[0.235s] DEBUG:colcon.colcon_installed_package_information.package_discovery:Found 325 installed packages in /opt/ros/foxy
[0.237s] Level 1:colcon.colcon_core.package_discovery:discover_packages(prefix_path) using defaults
[0.287s] Level 5:colcon.colcon_core.verb:set package 'customer_and_peets' build argument 'cmake_args' from command line to 'None'
[0.287s] Level 5:colcon.colcon_core.verb:set package 'customer_and_peets' build argument 'cmake_target' from command line to 'None'
[0.287s] Level 5:colcon.colcon_core.verb:set package 'customer_and_peets' build argument 'cmake_target_skip_unavailable' from command line to 'False'
[0.287s] Level 5:colcon.colcon_core.verb:set package 'customer_and_peets' build argument 'cmake_clean_cache' from command line to 'False'
[0.287s] Level 5:colcon.colcon_core.verb:set package 'customer_and_peets' build argument 'cmake_clean_first' from command line to 'False'
[0.287s] Level 5:colcon.colcon_core.verb:set package 'customer_and_peets' build argument 'cmake_force_configure' from command line to 'False'
[0.287s] Level 5:colcon.colcon_core.verb:set package 'customer_and_peets' build argument 'ament_cmake_args' from command line to 'None'
[0.287s] Level 5:colcon.colcon_core.verb:set package 'customer_and_peets' build argument 'catkin_cmake_args' from command line to 'None'
[0.287s] Level 5:colcon.colcon_core.verb:set package 'customer_and_peets' build argument 'catkin_skip_building_tests' from command line to 'False'
[0.287s] DEBUG:colcon.colcon_core.verb:Building package 'customer_and_peets' with the following arguments: {'ament_cmake_args': None, 'build_base': '/home/mrdan/crs_ws/src/customer_and_peets/build/customer_and_peets', 'catkin_cmake_args': None, 'catkin_skip_building_tests': False, 'cmake_args': None, 'cmake_clean_cache': False, 'cmake_clean_first': False, 'cmake_force_configure': False, 'cmake_target': None, 'cmake_target_skip_unavailable': False, 'install_base': '/home/mrdan/crs_ws/src/customer_and_peets/install/customer_and_peets', 'merge_install': False, 'path': '/home/mrdan/crs_ws/src/customer_and_peets', 'symlink_install': False, 'test_result_base': None}
[0.288s] INFO:colcon.colcon_core.executor:Executing jobs using 'parallel' executor
[0.288s] DEBUG:colcon.colcon_parallel_executor.executor.parallel:run_until_complete
[0.289s] INFO:colcon.colcon_ros.task.ament_cmake.build:Building ROS package in '/home/mrdan/crs_ws/src/customer_and_peets' with build type 'ament_cmake'
[0.289s] INFO:colcon.colcon_cmake.task.cmake.build:Building CMake package in '/home/mrdan/crs_ws/src/customer_and_peets'
[0.290s] INFO:colcon.colcon_core.plugin_system:Skipping extension 'colcon_core.shell.bat': Not used on non-Windows systems
[0.290s] INFO:colcon.colcon_core.shell:Skip shell extension 'powershell' for command environment: Not usable outside of PowerShell
[0.290s] DEBUG:colcon.colcon_core.shell:Skip shell extension 'dsv' for command environment
[0.297s] DEBUG:colcon.colcon_core.event_handler.log_command:Invoking command in '/home/mrdan/crs_ws/src/customer_and_peets/build/customer_and_peets': CMAKE_PREFIX_PATH=${CMAKE_PREFIX_PATH}:/home/mrdan/dev_ws/install/originbot_viz:/home/mrdan/dev_ws/install/originbot_demo:/home/mrdan/dev_ws/install/originbot_gazebo_harmonic:/home/mrdan/dev_ws/install/originbot_gazebo_fortress:/home/mrdan/dev_ws/install/originbot_gazebo:/home/mrdan/dev_ws/install/originbot_description:/home/mrdan/dev_ws/install/line_follower_model:/opt/ros/foxy /usr/bin/cmake --build /home/mrdan/crs_ws/src/customer_and_peets/build/customer_and_peets -- -j8 -l8
[4.061s] DEBUG:colcon.colcon_core.event_handler.log_command:Invoked command in '/home/mrdan/crs_ws/src/customer_and_peets/build/customer_and_peets' returned '2': CMAKE_PREFIX_PATH=${CMAKE_PREFIX_PATH}:/home/mrdan/dev_ws/install/originbot_viz:/home/mrdan/dev_ws/install/originbot_demo:/home/mrdan/dev_ws/install/originbot_gazebo_harmonic:/home/mrdan/dev_ws/install/originbot_gazebo_fortress:/home/mrdan/dev_ws/install/originbot_gazebo:/home/mrdan/dev_ws/install/originbot_description:/home/mrdan/dev_ws/install/line_follower_model:/opt/ros/foxy /usr/bin/cmake --build /home/mrdan/crs_ws/src/customer_and_peets/build/customer_and_peets -- -j8 -l8
[4.062s] Level 1:colcon.colcon_core.environment:create_environment_scripts_only(customer_and_peets)
[4.063s] Level 1:colcon.colcon_core.environment:checking '/home/mrdan/crs_ws/src/customer_and_peets/install/customer_and_peets' for CMake module files
[4.064s] Level 1:colcon.colcon_core.environment:checking '/home/mrdan/crs_ws/src/customer_and_peets/install/customer_and_peets' for CMake config files
[4.064s] Level 1:colcon.colcon_core.shell:create_environment_hook('customer_and_peets', 'cmake_prefix_path')
[4.064s] INFO:colcon.colcon_core.shell:Creating environment hook '/home/mrdan/crs_ws/src/customer_and_peets/install/customer_and_peets/share/customer_and_peets/hook/cmake_prefix_path.ps1'
[4.064s] INFO:colcon.colcon_core.shell:Creating environment descriptor '/home/mrdan/crs_ws/src/customer_and_peets/install/customer_and_peets/share/customer_and_peets/hook/cmake_prefix_path.dsv'
[4.065s] INFO:colcon.colcon_core.shell:Creating environment hook '/home/mrdan/crs_ws/src/customer_and_peets/install/customer_and_peets/share/customer_and_peets/hook/cmake_prefix_path.sh'
[4.065s] Level 1:colcon.colcon_core.environment:checking '/home/mrdan/crs_ws/src/customer_and_peets/install/customer_and_peets/lib'
[4.065s] Level 1:colcon.colcon_core.environment:checking '/home/mrdan/crs_ws/src/customer_and_peets/install/customer_and_peets/bin'
[4.065s] Level 1:colcon.colcon_core.environment:checking '/home/mrdan/crs_ws/src/customer_and_peets/install/customer_and_peets/lib/pkgconfig/customer_and_peets.pc'
[4.065s] Level 1:colcon.colcon_core.environment:checking '/home/mrdan/crs_ws/src/customer_and_peets/install/customer_and_peets/lib/python3.8/site-packages'
[4.066s] Level 1:colcon.colcon_core.environment:checking '/home/mrdan/crs_ws/src/customer_and_peets/install/customer_and_peets/bin'
[4.066s] INFO:colcon.colcon_core.shell:Creating package script '/home/mrdan/crs_ws/src/customer_and_peets/install/customer_and_peets/share/customer_and_peets/package.ps1'
[4.066s] INFO:colcon.colcon_core.shell:Creating package descriptor '/home/mrdan/crs_ws/src/customer_and_peets/install/customer_and_peets/share/customer_and_peets/package.dsv'
[4.067s] INFO:colcon.colcon_core.shell:Creating package script '/home/mrdan/crs_ws/src/customer_and_peets/install/customer_and_peets/share/customer_and_peets/package.sh'
[4.067s] INFO:colcon.colcon_core.shell:Creating package script '/home/mrdan/crs_ws/src/customer_and_peets/install/customer_and_peets/share/customer_and_peets/package.bash'
[4.067s] INFO:colcon.colcon_core.shell:Creating package script '/home/mrdan/crs_ws/src/customer_and_peets/install/customer_and_peets/share/customer_and_peets/package.zsh'
[4.068s] Level 1:colcon.colcon_core.environment:create_file_with_runtime_dependencies(/home/mrdan/crs_ws/src/customer_and_peets/install/customer_and_peets/share/colcon-core/packages/customer_and_peets)
[4.078s] DEBUG:colcon.colcon_parallel_executor.executor.parallel:closing loop
[4.078s] DEBUG:colcon.colcon_parallel_executor.executor.parallel:loop closed
[4.078s] DEBUG:colcon.colcon_parallel_executor.executor.parallel:run_until_complete finished with '2'
[4.079s] DEBUG:colcon.colcon_core.event_reactor:joining thread
[4.082s] INFO:colcon.colcon_core.plugin_system:Skipping extension 'colcon_notification.desktop_notification.terminal_notifier': Not used on non-Darwin systems
[4.082s] INFO:colcon.colcon_core.plugin_system:Skipping extension 'colcon_notification.desktop_notification.win32': Not used on non-Windows systems
[4.083s] INFO:colcon.colcon_notification.desktop_notification:Sending desktop notification using 'notify2'
[4.091s] DEBUG:colcon.colcon_core.event_reactor:joined thread
[4.092s] INFO:colcon.colcon_core.shell:Creating prefix script '/home/mrdan/crs_ws/src/customer_and_peets/install/local_setup.ps1'
[4.092s] INFO:colcon.colcon_core.shell:Creating prefix util module '/home/mrdan/crs_ws/src/customer_and_peets/install/_local_setup_util_ps1.py'
[4.093s] INFO:colcon.colcon_core.shell:Creating prefix chain script '/home/mrdan/crs_ws/src/customer_and_peets/install/setup.ps1'
[4.094s] INFO:colcon.colcon_core.shell:Creating prefix script '/home/mrdan/crs_ws/src/customer_and_peets/install/local_setup.sh'
[4.094s] INFO:colcon.colcon_core.shell:Creating prefix util module '/home/mrdan/crs_ws/src/customer_and_peets/install/_local_setup_util_sh.py'
[4.094s] INFO:colcon.colcon_core.shell:Creating prefix chain script '/home/mrdan/crs_ws/src/customer_and_peets/install/setup.sh'
[4.095s] INFO:colcon.colcon_core.shell:Creating prefix script '/home/mrdan/crs_ws/src/customer_and_peets/install/local_setup.bash'
[4.096s] INFO:colcon.colcon_core.shell:Creating prefix chain script '/home/mrdan/crs_ws/src/customer_and_peets/install/setup.bash'
[4.096s] INFO:colcon.colcon_core.shell:Creating prefix script '/home/mrdan/crs_ws/src/customer_and_peets/install/local_setup.zsh'
[4.097s] INFO:colcon.colcon_core.shell:Creating prefix chain script '/home/mrdan/crs_ws/src/customer_and_peets/install/setup.zsh'
