[0.008s] Invoking command in '/home/mrdan/crs_ws/build/customer_and_peets': CMAKE_PREFIX_PATH=${CMAKE_PREFIX_PATH}:/home/mrdan/dev_ws/install/originbot_viz:/home/mrdan/dev_ws/install/originbot_demo:/home/mrdan/dev_ws/install/originbot_gazebo_harmonic:/home/mrdan/dev_ws/install/originbot_gazebo_fortress:/home/mrdan/dev_ws/install/originbot_gazebo:/home/mrdan/dev_ws/install/originbot_description:/home/mrdan/dev_ws/install/line_follower_model:/opt/ros/foxy /usr/bin/cmake /home/mrdan/crs_ws/src/customer_and_peets -DCMAKE_INSTALL_PREFIX=/home/mrdan/crs_ws/install/customer_and_peets
[0.045s] -- The C compiler identification is GNU 9.4.0
[0.084s] -- The CXX compiler identification is GNU 9.4.0
[0.089s] -- Check for working C compiler: /usr/bin/cc
[0.134s] -- Check for working C compiler: /usr/bin/cc -- works
[0.134s] -- Detecting C compiler ABI info
[0.193s] -- Detecting C compiler ABI info - done
[0.200s] -- Detecting C compile features
[0.200s] -- Detecting C compile features - done
[0.202s] -- Check for working CXX compiler: /usr/bin/c++
[0.251s] -- Check for working CXX compiler: /usr/bin/c++ -- works
[0.252s] -- Detecting CXX compiler ABI info
[0.312s] -- Detecting CXX compiler ABI info - done
[0.319s] -- Detecting CXX compile features
[0.319s] -- Detecting CXX compile features - done
[0.321s] -- Found ament_cmake: 0.9.12 (/opt/ros/foxy/share/ament_cmake/cmake)
[0.339s] -- Found PythonInterp: /usr/bin/python3 (found suitable version "3.8.10", minimum required is "3") 
[0.339s] -- Using PYTHON_EXECUTABLE: /usr/bin/python3
[0.461s] -- Found rclcpp: 2.4.3 (/opt/ros/foxy/share/rclcpp/cmake)
[0.494s] -- Using all available rosidl_typesupport_c: rosidl_typesupport_fastrtps_c;rosidl_typesupport_introspection_c
[0.499s] -- Found rosidl_adapter: 1.3.1 (/opt/ros/foxy/share/rosidl_adapter/cmake)
[0.551s] -- Found OpenSSL: /usr/lib/x86_64-linux-gnu/libcrypto.so (found version "1.1.1f")  
[0.574s] -- Found FastRTPS: /opt/ros/foxy/include  
[0.628s] -- Using all available rosidl_typesupport_cpp: rosidl_typesupport_fastrtps_cpp;rosidl_typesupport_introspection_cpp
[0.666s] -- Found rmw_implementation_cmake: 1.0.4 (/opt/ros/foxy/share/rmw_implementation_cmake/cmake)
[0.667s] -- Using RMW implementation 'rmw_fastrtps_cpp' as default
[0.668s] -- Looking for pthread.h
[0.711s] -- Looking for pthread.h - found
[0.712s] -- Performing Test CMAKE_HAVE_LIBC_PTHREAD
[0.767s] -- Performing Test CMAKE_HAVE_LIBC_PTHREAD - Failed
[0.767s] -- Looking for pthread_create in pthreads
[0.807s] -- Looking for pthread_create in pthreads - not found
[0.807s] -- Looking for pthread_create in pthread
[0.852s] -- Looking for pthread_create in pthread - found
[0.853s] -- Found Threads: TRUE  
[0.961s] -- Found ament_lint_auto: 0.9.8 (/opt/ros/foxy/share/ament_lint_auto/cmake)
[1.016s] -- Added test 'copyright' to check source files copyright and LICENSE
[1.021s] -- Added test 'cppcheck' to perform static code analysis on C / C++ code
[1.021s] -- Configured cppcheck include dirs: 
[1.021s] -- Configured cppcheck exclude dirs and/or files: 
[1.027s] -- Added test 'cpplint' to check C / C++ code against the Google style
[1.027s] -- Configured cpplint exclude dirs and/or files: 
[1.028s] -- Added test 'flake8' to check Python code syntax and style conventions
[1.030s] -- Added test 'lint_cmake' to check CMake code style
[1.031s] -- Added test 'pep257' to check Python code against some of the style conventions in PEP 257
[1.037s] -- Added test 'uncrustify' to check C / C++ code style
[1.037s] -- Configured uncrustify additional arguments: 
[1.038s] -- Added test 'xmllint' to check XML markup files
[1.040s] -- Configuring done
[1.046s] -- Generating done
[1.048s] -- Build files have been written to: /home/mrdan/crs_ws/build/customer_and_peets
[1.056s] Invoked command in '/home/mrdan/crs_ws/build/customer_and_peets' returned '0': CMAKE_PREFIX_PATH=${CMAKE_PREFIX_PATH}:/home/mrdan/dev_ws/install/originbot_viz:/home/mrdan/dev_ws/install/originbot_demo:/home/mrdan/dev_ws/install/originbot_gazebo_harmonic:/home/mrdan/dev_ws/install/originbot_gazebo_fortress:/home/mrdan/dev_ws/install/originbot_gazebo:/home/mrdan/dev_ws/install/originbot_description:/home/mrdan/dev_ws/install/line_follower_model:/opt/ros/foxy /usr/bin/cmake /home/mrdan/crs_ws/src/customer_and_peets -DCMAKE_INSTALL_PREFIX=/home/mrdan/crs_ws/install/customer_and_peets
[1.058s] Invoking command in '/home/mrdan/crs_ws/build/customer_and_peets': CMAKE_PREFIX_PATH=${CMAKE_PREFIX_PATH}:/home/mrdan/dev_ws/install/originbot_viz:/home/mrdan/dev_ws/install/originbot_demo:/home/mrdan/dev_ws/install/originbot_gazebo_harmonic:/home/mrdan/dev_ws/install/originbot_gazebo_fortress:/home/mrdan/dev_ws/install/originbot_gazebo:/home/mrdan/dev_ws/install/originbot_description:/home/mrdan/dev_ws/install/line_follower_model:/opt/ros/foxy /usr/bin/cmake --build /home/mrdan/crs_ws/build/customer_and_peets -- -j8 -l8
[1.083s] [35m[1mScanning dependencies of target peets_node[0m
[1.083s] [35m[1mScanning dependencies of target customer_node[0m
[1.107s] [ 50%] [32mBuilding CXX object CMakeFiles/peets_node.dir/src/peets.cpp.o[0m
[1.107s] [ 50%] [32mBuilding CXX object CMakeFiles/customer_node.dir/src/customer.cpp.o[0m
[4.389s] [ 75%] [32m[1mLinking CXX executable customer_node[0m
[4.438s] [100%] [32m[1mLinking CXX executable peets_node[0m
[4.554s] [100%] Built target customer_node
[4.593s] [100%] Built target peets_node
[4.599s] Invoked command in '/home/mrdan/crs_ws/build/customer_and_peets' returned '0': CMAKE_PREFIX_PATH=${CMAKE_PREFIX_PATH}:/home/mrdan/dev_ws/install/originbot_viz:/home/mrdan/dev_ws/install/originbot_demo:/home/mrdan/dev_ws/install/originbot_gazebo_harmonic:/home/mrdan/dev_ws/install/originbot_gazebo_fortress:/home/mrdan/dev_ws/install/originbot_gazebo:/home/mrdan/dev_ws/install/originbot_description:/home/mrdan/dev_ws/install/line_follower_model:/opt/ros/foxy /usr/bin/cmake --build /home/mrdan/crs_ws/build/customer_and_peets -- -j8 -l8
[4.609s] Invoking command in '/home/mrdan/crs_ws/build/customer_and_peets': CMAKE_PREFIX_PATH=${CMAKE_PREFIX_PATH}:/home/mrdan/dev_ws/install/originbot_viz:/home/mrdan/dev_ws/install/originbot_demo:/home/mrdan/dev_ws/install/originbot_gazebo_harmonic:/home/mrdan/dev_ws/install/originbot_gazebo_fortress:/home/mrdan/dev_ws/install/originbot_gazebo:/home/mrdan/dev_ws/install/originbot_description:/home/mrdan/dev_ws/install/line_follower_model:/opt/ros/foxy /usr/bin/cmake --install /home/mrdan/crs_ws/build/customer_and_peets
[4.614s] -- Install configuration: ""
[4.614s] -- Installing: /home/mrdan/crs_ws/install/customer_and_peets/lib/customer_and_peets/customer_node
[4.615s] -- Set runtime path of "/home/mrdan/crs_ws/install/customer_and_peets/lib/customer_and_peets/customer_node" to ""
[4.615s] -- Installing: /home/mrdan/crs_ws/install/customer_and_peets/lib/customer_and_peets/peets_node
[4.616s] -- Set runtime path of "/home/mrdan/crs_ws/install/customer_and_peets/lib/customer_and_peets/peets_node" to ""
[4.616s] -- Installing: /home/mrdan/crs_ws/install/customer_and_peets/share/ament_index/resource_index/package_run_dependencies/customer_and_peets
[4.616s] -- Installing: /home/mrdan/crs_ws/install/customer_and_peets/share/ament_index/resource_index/parent_prefix_path/customer_and_peets
[4.616s] -- Installing: /home/mrdan/crs_ws/install/customer_and_peets/share/customer_and_peets/environment/ament_prefix_path.sh
[4.616s] -- Installing: /home/mrdan/crs_ws/install/customer_and_peets/share/customer_and_peets/environment/ament_prefix_path.dsv
[4.616s] -- Installing: /home/mrdan/crs_ws/install/customer_and_peets/share/customer_and_peets/environment/path.sh
[4.616s] -- Installing: /home/mrdan/crs_ws/install/customer_and_peets/share/customer_and_peets/environment/path.dsv
[4.617s] -- Installing: /home/mrdan/crs_ws/install/customer_and_peets/share/customer_and_peets/local_setup.bash
[4.617s] -- Installing: /home/mrdan/crs_ws/install/customer_and_peets/share/customer_and_peets/local_setup.sh
[4.617s] -- Installing: /home/mrdan/crs_ws/install/customer_and_peets/share/customer_and_peets/local_setup.zsh
[4.617s] -- Installing: /home/mrdan/crs_ws/install/customer_and_peets/share/customer_and_peets/local_setup.dsv
[4.617s] -- Installing: /home/mrdan/crs_ws/install/customer_and_peets/share/customer_and_peets/package.dsv
[4.617s] -- Installing: /home/mrdan/crs_ws/install/customer_and_peets/share/ament_index/resource_index/packages/customer_and_peets
[4.617s] -- Installing: /home/mrdan/crs_ws/install/customer_and_peets/share/customer_and_peets/cmake/customer_and_peetsConfig.cmake
[4.617s] -- Installing: /home/mrdan/crs_ws/install/customer_and_peets/share/customer_and_peets/cmake/customer_and_peetsConfig-version.cmake
[4.617s] -- Installing: /home/mrdan/crs_ws/install/customer_and_peets/share/customer_and_peets/package.xml
[4.618s] Invoked command in '/home/mrdan/crs_ws/build/customer_and_peets' returned '0': CMAKE_PREFIX_PATH=${CMAKE_PREFIX_PATH}:/home/mrdan/dev_ws/install/originbot_viz:/home/mrdan/dev_ws/install/originbot_demo:/home/mrdan/dev_ws/install/originbot_gazebo_harmonic:/home/mrdan/dev_ws/install/originbot_gazebo_fortress:/home/mrdan/dev_ws/install/originbot_gazebo:/home/mrdan/dev_ws/install/originbot_description:/home/mrdan/dev_ws/install/line_follower_model:/opt/ros/foxy /usr/bin/cmake --install /home/mrdan/crs_ws/build/customer_and_peets
