[0.009s] Invoking command in '/home/mrdan/crs_ws/build/customer_and_peets': CMAKE_PREFIX_PATH=${CMAKE_PREFIX_PATH}:/home/mrdan/dev_ws/install/originbot_viz:/home/mrdan/dev_ws/install/originbot_demo:/home/mrdan/dev_ws/install/originbot_gazebo_harmonic:/home/mrdan/dev_ws/install/originbot_gazebo_fortress:/home/mrdan/dev_ws/install/originbot_gazebo:/home/mrdan/dev_ws/install/originbot_description:/home/mrdan/dev_ws/install/line_follower_model:/opt/ros/foxy /usr/bin/cmake --build /home/mrdan/crs_ws/build/customer_and_peets -- -j8 -l8
[0.045s] [35m[1mScanning dependencies of target peets_node[0m
[0.073s] [ 50%] Built target customer_node
[0.081s] [ 75%] [32mBuilding CXX object CMakeFiles/peets_node.dir/src/peets.cpp.o[0m
[3.315s] [100%] [32m[1mLinking CXX executable peets_node[0m
[3.510s] [100%] Built target peets_node
[3.519s] Invoked command in '/home/mrdan/crs_ws/build/customer_and_peets' returned '0': CMAKE_PREFIX_PATH=${CMAKE_PREFIX_PATH}:/home/mrdan/dev_ws/install/originbot_viz:/home/mrdan/dev_ws/install/originbot_demo:/home/mrdan/dev_ws/install/originbot_gazebo_harmonic:/home/mrdan/dev_ws/install/originbot_gazebo_fortress:/home/mrdan/dev_ws/install/originbot_gazebo:/home/mrdan/dev_ws/install/originbot_description:/home/mrdan/dev_ws/install/line_follower_model:/opt/ros/foxy /usr/bin/cmake --build /home/mrdan/crs_ws/build/customer_and_peets -- -j8 -l8
[3.527s] Invoking command in '/home/mrdan/crs_ws/build/customer_and_peets': CMAKE_PREFIX_PATH=${CMAKE_PREFIX_PATH}:/home/mrdan/dev_ws/install/originbot_viz:/home/mrdan/dev_ws/install/originbot_demo:/home/mrdan/dev_ws/install/originbot_gazebo_harmonic:/home/mrdan/dev_ws/install/originbot_gazebo_fortress:/home/mrdan/dev_ws/install/originbot_gazebo:/home/mrdan/dev_ws/install/originbot_description:/home/mrdan/dev_ws/install/line_follower_model:/opt/ros/foxy /usr/bin/cmake --install /home/mrdan/crs_ws/build/customer_and_peets
[3.540s] -- Install configuration: ""
[3.541s] -- Installing: /home/mrdan/crs_ws/install/customer_and_peets/lib/customer_and_peets/customer_node
[3.543s] -- Set runtime path of "/home/mrdan/crs_ws/install/customer_and_peets/lib/customer_and_peets/customer_node" to ""
[3.543s] -- Installing: /home/mrdan/crs_ws/install/customer_and_peets/lib/customer_and_peets/peets_node
[3.545s] -- Set runtime path of "/home/mrdan/crs_ws/install/customer_and_peets/lib/customer_and_peets/peets_node" to ""
[3.545s] -- Up-to-date: /home/mrdan/crs_ws/install/customer_and_peets/share/ament_index/resource_index/package_run_dependencies/customer_and_peets
[3.545s] -- Up-to-date: /home/mrdan/crs_ws/install/customer_and_peets/share/ament_index/resource_index/parent_prefix_path/customer_and_peets
[3.545s] -- Up-to-date: /home/mrdan/crs_ws/install/customer_and_peets/share/customer_and_peets/environment/ament_prefix_path.sh
[3.545s] -- Up-to-date: /home/mrdan/crs_ws/install/customer_and_peets/share/customer_and_peets/environment/ament_prefix_path.dsv
[3.545s] -- Up-to-date: /home/mrdan/crs_ws/install/customer_and_peets/share/customer_and_peets/environment/path.sh
[3.545s] -- Up-to-date: /home/mrdan/crs_ws/install/customer_and_peets/share/customer_and_peets/environment/path.dsv
[3.545s] -- Up-to-date: /home/mrdan/crs_ws/install/customer_and_peets/share/customer_and_peets/local_setup.bash
[3.545s] -- Up-to-date: /home/mrdan/crs_ws/install/customer_and_peets/share/customer_and_peets/local_setup.sh
[3.545s] -- Up-to-date: /home/mrdan/crs_ws/install/customer_and_peets/share/customer_and_peets/local_setup.zsh
[3.545s] -- Up-to-date: /home/mrdan/crs_ws/install/customer_and_peets/share/customer_and_peets/local_setup.dsv
[3.546s] -- Installing: /home/mrdan/crs_ws/install/customer_and_peets/share/customer_and_peets/package.dsv
[3.546s] -- Up-to-date: /home/mrdan/crs_ws/install/customer_and_peets/share/ament_index/resource_index/packages/customer_and_peets
[3.546s] -- Up-to-date: /home/mrdan/crs_ws/install/customer_and_peets/share/customer_and_peets/cmake/customer_and_peetsConfig.cmake
[3.546s] -- Up-to-date: /home/mrdan/crs_ws/install/customer_and_peets/share/customer_and_peets/cmake/customer_and_peetsConfig-version.cmake
[3.546s] -- Up-to-date: /home/mrdan/crs_ws/install/customer_and_peets/share/customer_and_peets/package.xml
[3.548s] Invoked command in '/home/mrdan/crs_ws/build/customer_and_peets' returned '0': CMAKE_PREFIX_PATH=${CMAKE_PREFIX_PATH}:/home/mrdan/dev_ws/install/originbot_viz:/home/mrdan/dev_ws/install/originbot_demo:/home/mrdan/dev_ws/install/originbot_gazebo_harmonic:/home/mrdan/dev_ws/install/originbot_gazebo_fortress:/home/mrdan/dev_ws/install/originbot_gazebo:/home/mrdan/dev_ws/install/originbot_description:/home/mrdan/dev_ws/install/line_follower_model:/opt/ros/foxy /usr/bin/cmake --install /home/mrdan/crs_ws/build/customer_and_peets
