[0.009s] Invoking command in '/home/mrdan/crs_ws/src/customer_and_peets/build/customer_and_peets': CMAKE_PREFIX_PATH=${CMAKE_PREFIX_PATH}:/home/mrdan/dev_ws/install/originbot_viz:/home/mrdan/dev_ws/install/originbot_demo:/home/mrdan/dev_ws/install/originbot_gazebo_harmonic:/home/mrdan/dev_ws/install/originbot_gazebo_fortress:/home/mrdan/dev_ws/install/originbot_gazebo:/home/mrdan/dev_ws/install/originbot_description:/home/mrdan/dev_ws/install/line_follower_model:/opt/ros/foxy /usr/bin/cmake /home/mrdan/crs_ws/src/customer_and_peets -DCMAKE_INSTALL_PREFIX=/home/mrdan/crs_ws/src/customer_and_peets/install/customer_and_peets
[0.116s] -- The C compiler identification is GNU 9.4.0
[0.194s] -- The CXX compiler identification is GNU 9.4.0
[0.199s] -- Check for working C compiler: /usr/bin/cc
[0.245s] -- Check for working C compiler: /usr/bin/cc -- works
[0.246s] -- Detecting C compiler ABI info
[0.292s] -- Detecting C compiler ABI info - done
[0.299s] -- Detecting C compile features
[0.300s] -- Detecting C compile features - done
[0.302s] -- Check for working CXX compiler: /usr/bin/c++
[0.353s] -- Check for working CXX compiler: /usr/bin/c++ -- works
[0.353s] -- Detecting CXX compiler ABI info
[0.405s] -- Detecting CXX compiler ABI info - done
[0.413s] -- Detecting CXX compile features
[0.413s] -- Detecting CXX compile features - done
[0.418s] -- Found ament_cmake: 0.9.12 (/opt/ros/foxy/share/ament_cmake/cmake)
[0.440s] -- Found PythonInterp: /usr/bin/python3 (found suitable version "3.8.10", minimum required is "3") 
[0.440s] -- Using PYTHON_EXECUTABLE: /usr/bin/python3
[0.587s] -- Found rclcpp: 2.4.3 (/opt/ros/foxy/share/rclcpp/cmake)
[0.631s] -- Using all available rosidl_typesupport_c: rosidl_typesupport_fastrtps_c;rosidl_typesupport_introspection_c
[0.639s] -- Found rosidl_adapter: 1.3.1 (/opt/ros/foxy/share/rosidl_adapter/cmake)
[0.707s] -- Found OpenSSL: /usr/lib/x86_64-linux-gnu/libcrypto.so (found version "1.1.1f")  
[0.730s] -- Found FastRTPS: /opt/ros/foxy/include  
[0.794s] -- Using all available rosidl_typesupport_cpp: rosidl_typesupport_fastrtps_cpp;rosidl_typesupport_introspection_cpp
[0.843s] -- Found rmw_implementation_cmake: 1.0.4 (/opt/ros/foxy/share/rmw_implementation_cmake/cmake)
[0.846s] -- Using RMW implementation 'rmw_fastrtps_cpp' as default
[0.848s] -- Looking for pthread.h
[0.900s] -- Looking for pthread.h - found
[0.900s] -- Performing Test CMAKE_HAVE_LIBC_PTHREAD
[0.947s] -- Performing Test CMAKE_HAVE_LIBC_PTHREAD - Failed
[0.947s] -- Looking for pthread_create in pthreads
[0.986s] -- Looking for pthread_create in pthreads - not found
[0.986s] -- Looking for pthread_create in pthread
[1.033s] -- Looking for pthread_create in pthread - found
[1.034s] -- Found Threads: TRUE  
[1.188s] -- Found ament_lint_auto: 0.9.8 (/opt/ros/foxy/share/ament_lint_auto/cmake)
[1.256s] -- Added test 'copyright' to check source files copyright and LICENSE
[1.258s] -- Added test 'cppcheck' to perform static code analysis on C / C++ code
[1.258s] -- Configured cppcheck include dirs: 
[1.258s] -- Configured cppcheck exclude dirs and/or files: 
[1.260s] -- Added test 'cpplint' to check C / C++ code against the Google style
[1.260s] -- Configured cpplint exclude dirs and/or files: 
[1.262s] -- Added test 'lint_cmake' to check CMake code style
[1.264s] -- Added test 'uncrustify' to check C / C++ code style
[1.264s] -- Configured uncrustify additional arguments: 
[1.265s] -- Added test 'xmllint' to check XML markup files
[1.267s] -- Configuring done
[1.273s] -- Generating done
[1.276s] -- Build files have been written to: /home/mrdan/crs_ws/src/customer_and_peets/build/customer_and_peets
[1.284s] Invoked command in '/home/mrdan/crs_ws/src/customer_and_peets/build/customer_and_peets' returned '0': CMAKE_PREFIX_PATH=${CMAKE_PREFIX_PATH}:/home/mrdan/dev_ws/install/originbot_viz:/home/mrdan/dev_ws/install/originbot_demo:/home/mrdan/dev_ws/install/originbot_gazebo_harmonic:/home/mrdan/dev_ws/install/originbot_gazebo_fortress:/home/mrdan/dev_ws/install/originbot_gazebo:/home/mrdan/dev_ws/install/originbot_description:/home/mrdan/dev_ws/install/line_follower_model:/opt/ros/foxy /usr/bin/cmake /home/mrdan/crs_ws/src/customer_and_peets -DCMAKE_INSTALL_PREFIX=/home/mrdan/crs_ws/src/customer_and_peets/install/customer_and_peets
[1.286s] Invoking command in '/home/mrdan/crs_ws/src/customer_and_peets/build/customer_and_peets': CMAKE_PREFIX_PATH=${CMAKE_PREFIX_PATH}:/home/mrdan/dev_ws/install/originbot_viz:/home/mrdan/dev_ws/install/originbot_demo:/home/mrdan/dev_ws/install/originbot_gazebo_harmonic:/home/mrdan/dev_ws/install/originbot_gazebo_fortress:/home/mrdan/dev_ws/install/originbot_gazebo:/home/mrdan/dev_ws/install/originbot_description:/home/mrdan/dev_ws/install/line_follower_model:/opt/ros/foxy /usr/bin/cmake --build /home/mrdan/crs_ws/src/customer_and_peets/build/customer_and_peets -- -j8 -l8
[1.313s] [35m[1mScanning dependencies of target peets_node[0m
[1.313s] [35m[1mScanning dependencies of target customer_node[0m
[1.375s] [ 50%] [32mBuilding CXX object CMakeFiles/customer_node.dir/src/customer.cpp.o[0m
[1.375s] [ 50%] [32mBuilding CXX object CMakeFiles/peets_node.dir/src/peets.cpp.o[0m
[5.025s] [ 75%] [32m[1mLinking CXX executable peets_node[0m
[5.054s] [100%] [32m[1mLinking CXX executable customer_node[0m
[5.235s] [100%] Built target peets_node
[5.236s] [100%] Built target customer_node
[5.245s] Invoked command in '/home/mrdan/crs_ws/src/customer_and_peets/build/customer_and_peets' returned '0': CMAKE_PREFIX_PATH=${CMAKE_PREFIX_PATH}:/home/mrdan/dev_ws/install/originbot_viz:/home/mrdan/dev_ws/install/originbot_demo:/home/mrdan/dev_ws/install/originbot_gazebo_harmonic:/home/mrdan/dev_ws/install/originbot_gazebo_fortress:/home/mrdan/dev_ws/install/originbot_gazebo:/home/mrdan/dev_ws/install/originbot_description:/home/mrdan/dev_ws/install/line_follower_model:/opt/ros/foxy /usr/bin/cmake --build /home/mrdan/crs_ws/src/customer_and_peets/build/customer_and_peets -- -j8 -l8
[5.255s] Invoking command in '/home/mrdan/crs_ws/src/customer_and_peets/build/customer_and_peets': CMAKE_PREFIX_PATH=${CMAKE_PREFIX_PATH}:/home/mrdan/dev_ws/install/originbot_viz:/home/mrdan/dev_ws/install/originbot_demo:/home/mrdan/dev_ws/install/originbot_gazebo_harmonic:/home/mrdan/dev_ws/install/originbot_gazebo_fortress:/home/mrdan/dev_ws/install/originbot_gazebo:/home/mrdan/dev_ws/install/originbot_description:/home/mrdan/dev_ws/install/line_follower_model:/opt/ros/foxy /usr/bin/cmake --install /home/mrdan/crs_ws/src/customer_and_peets/build/customer_and_peets
[5.261s] -- Install configuration: ""
[5.261s] -- Installing: /home/mrdan/crs_ws/src/customer_and_peets/install/customer_and_peets/lib/customer_and_peets/customer_node
[5.262s] -- Set runtime path of "/home/mrdan/crs_ws/src/customer_and_peets/install/customer_and_peets/lib/customer_and_peets/customer_node" to ""
[5.262s] -- Installing: /home/mrdan/crs_ws/src/customer_and_peets/install/customer_and_peets/lib/customer_and_peets/peets_node
[5.263s] -- Set runtime path of "/home/mrdan/crs_ws/src/customer_and_peets/install/customer_and_peets/lib/customer_and_peets/peets_node" to ""
[5.263s] -- Installing: /home/mrdan/crs_ws/src/customer_and_peets/install/customer_and_peets/share/ament_index/resource_index/package_run_dependencies/customer_and_peets
[5.264s] -- Installing: /home/mrdan/crs_ws/src/customer_and_peets/install/customer_and_peets/share/ament_index/resource_index/parent_prefix_path/customer_and_peets
[5.264s] -- Installing: /home/mrdan/crs_ws/src/customer_and_peets/install/customer_and_peets/share/customer_and_peets/environment/ament_prefix_path.sh
[5.264s] -- Installing: /home/mrdan/crs_ws/src/customer_and_peets/install/customer_and_peets/share/customer_and_peets/environment/ament_prefix_path.dsv
[5.264s] -- Installing: /home/mrdan/crs_ws/src/customer_and_peets/install/customer_and_peets/share/customer_and_peets/environment/path.sh
[5.264s] -- Installing: /home/mrdan/crs_ws/src/customer_and_peets/install/customer_and_peets/share/customer_and_peets/environment/path.dsv
[5.264s] -- Installing: /home/mrdan/crs_ws/src/customer_and_peets/install/customer_and_peets/share/customer_and_peets/local_setup.bash
[5.264s] -- Installing: /home/mrdan/crs_ws/src/customer_and_peets/install/customer_and_peets/share/customer_and_peets/local_setup.sh
[5.264s] -- Installing: /home/mrdan/crs_ws/src/customer_and_peets/install/customer_and_peets/share/customer_and_peets/local_setup.zsh
[5.264s] -- Installing: /home/mrdan/crs_ws/src/customer_and_peets/install/customer_and_peets/share/customer_and_peets/local_setup.dsv
[5.264s] -- Installing: /home/mrdan/crs_ws/src/customer_and_peets/install/customer_and_peets/share/customer_and_peets/package.dsv
[5.264s] -- Installing: /home/mrdan/crs_ws/src/customer_and_peets/install/customer_and_peets/share/ament_index/resource_index/packages/customer_and_peets
[5.264s] -- Installing: /home/mrdan/crs_ws/src/customer_and_peets/install/customer_and_peets/share/customer_and_peets/cmake/customer_and_peetsConfig.cmake
[5.264s] -- Installing: /home/mrdan/crs_ws/src/customer_and_peets/install/customer_and_peets/share/customer_and_peets/cmake/customer_and_peetsConfig-version.cmake
[5.264s] -- Installing: /home/mrdan/crs_ws/src/customer_and_peets/install/customer_and_peets/share/customer_and_peets/package.xml
[5.266s] Invoked command in '/home/mrdan/crs_ws/src/customer_and_peets/build/customer_and_peets' returned '0': CMAKE_PREFIX_PATH=${CMAKE_PREFIX_PATH}:/home/mrdan/dev_ws/install/originbot_viz:/home/mrdan/dev_ws/install/originbot_demo:/home/mrdan/dev_ws/install/originbot_gazebo_harmonic:/home/mrdan/dev_ws/install/originbot_gazebo_fortress:/home/mrdan/dev_ws/install/originbot_gazebo:/home/mrdan/dev_ws/install/originbot_description:/home/mrdan/dev_ws/install/line_follower_model:/opt/ros/foxy /usr/bin/cmake --install /home/mrdan/crs_ws/src/customer_and_peets/build/customer_and_peets
