-- Found ament_cmake: 0.9.12 (/opt/ros/foxy/share/ament_cmake/cmake)
-- Using PYTHON_EXECUTABLE: /usr/bin/python3
-- Found rclcpp: 2.4.3 (/opt/ros/foxy/share/rclcpp/cmake)
-- Using all available rosidl_typesupport_c: rosidl_typesupport_fastrtps_c;rosidl_typesupport_introspection_c
-- Found rosidl_adapter: 1.3.1 (/opt/ros/foxy/share/rosidl_adapter/cmake)
-- Using all available rosidl_typesupport_cpp: rosidl_typesupport_fastrtps_cpp;rosidl_typesupport_introspection_cpp
-- Found rmw_implementation_cmake: 1.0.4 (/opt/ros/foxy/share/rmw_implementation_cmake/cmake)
-- Using RMW implementation 'rmw_fastrtps_cpp' as default
-- Found ament_lint_auto: 0.9.8 (/opt/ros/foxy/share/ament_lint_auto/cmake)
-- Added test 'copyright' to check source files copyright and LICENSE
-- Added test 'cppcheck' to perform static code analysis on C / C++ code
-- Configured cppcheck include dirs: 
-- Configured cppcheck exclude dirs and/or files: 
-- Added test 'cpplint' to check C / C++ code against the Google style
-- Configured cpplint exclude dirs and/or files: 
-- Added test 'flake8' to check Python code syntax and style conventions
-- Added test 'lint_cmake' to check CMake code style
-- Added test 'pep257' to check Python code against some of the style conventions in PEP 257
-- Added test 'uncrustify' to check C / C++ code style
-- Configured uncrustify additional arguments: 
-- Added test 'xmllint' to check XML markup files
-- Configuring done
-- Generating done
-- Build files have been written to: /home/mrdan/crs_ws/src/customer_and_peets/build/customer_and_peets
[100%] Built target peets_node
[100%] Built target customer_node
-- Install configuration: ""
-- Up-to-date: /home/mrdan/crs_ws/src/customer_and_peets/install/customer_and_peets/lib/customer_and_peets/customer_node
-- Up-to-date: /home/mrdan/crs_ws/src/customer_and_peets/install/customer_and_peets/lib/customer_and_peets/peets_node
-- Up-to-date: /home/mrdan/crs_ws/src/customer_and_peets/install/customer_and_peets/share/ament_index/resource_index/package_run_dependencies/customer_and_peets
-- Up-to-date: /home/mrdan/crs_ws/src/customer_and_peets/install/customer_and_peets/share/ament_index/resource_index/parent_prefix_path/customer_and_peets
-- Up-to-date: /home/mrdan/crs_ws/src/customer_and_peets/install/customer_and_peets/share/customer_and_peets/environment/ament_prefix_path.sh
-- Installing: /home/mrdan/crs_ws/src/customer_and_peets/install/customer_and_peets/share/customer_and_peets/environment/ament_prefix_path.dsv
-- Up-to-date: /home/mrdan/crs_ws/src/customer_and_peets/install/customer_and_peets/share/customer_and_peets/environment/path.sh
-- Installing: /home/mrdan/crs_ws/src/customer_and_peets/install/customer_and_peets/share/customer_and_peets/environment/path.dsv
-- Up-to-date: /home/mrdan/crs_ws/src/customer_and_peets/install/customer_and_peets/share/customer_and_peets/local_setup.bash
-- Up-to-date: /home/mrdan/crs_ws/src/customer_and_peets/install/customer_and_peets/share/customer_and_peets/local_setup.sh
-- Up-to-date: /home/mrdan/crs_ws/src/customer_and_peets/install/customer_and_peets/share/customer_and_peets/local_setup.zsh
-- Installing: /home/mrdan/crs_ws/src/customer_and_peets/install/customer_and_peets/share/customer_and_peets/local_setup.dsv
-- Installing: /home/mrdan/crs_ws/src/customer_and_peets/install/customer_and_peets/share/customer_and_peets/package.dsv
-- Up-to-date: /home/mrdan/crs_ws/src/customer_and_peets/install/customer_and_peets/share/ament_index/resource_index/packages/customer_and_peets
-- Up-to-date: /home/mrdan/crs_ws/src/customer_and_peets/install/customer_and_peets/share/customer_and_peets/cmake/customer_and_peetsConfig.cmake
-- Up-to-date: /home/mrdan/crs_ws/src/customer_and_peets/install/customer_and_peets/share/customer_and_peets/cmake/customer_and_peetsConfig-version.cmake
-- Installing: /home/mrdan/crs_ws/src/customer_and_peets/install/customer_and_peets/share/customer_and_peets/package.xml
