[0.008s] Invoking command in '/home/mrdan/crs_ws/src/customer_and_peets/build/customer_and_peets': CMAKE_PREFIX_PATH=${CMAKE_PREFIX_PATH}:/home/mrdan/dev_ws/install/originbot_viz:/home/mrdan/dev_ws/install/originbot_demo:/home/mrdan/dev_ws/install/originbot_gazebo_harmonic:/home/mrdan/dev_ws/install/originbot_gazebo_fortress:/home/mrdan/dev_ws/install/originbot_gazebo:/home/mrdan/dev_ws/install/originbot_description:/home/mrdan/dev_ws/install/line_follower_model:/opt/ros/foxy /usr/bin/cmake --build /home/mrdan/crs_ws/src/customer_and_peets/build/customer_and_peets -- -j8 -l8
[0.028s] -- Found ament_cmake: 0.9.12 (/opt/ros/foxy/share/ament_cmake/cmake)
[0.043s] -- Using PYTHON_EXECUTABLE: /usr/bin/python3
[0.159s] -- Found rclcpp: 2.4.3 (/opt/ros/foxy/share/rclcpp/cmake)
[0.181s] -- Using all available rosidl_typesupport_c: rosidl_typesupport_fastrtps_c;rosidl_typesupport_introspection_c
[0.183s] -- Found rosidl_adapter: 1.3.1 (/opt/ros/foxy/share/rosidl_adapter/cmake)
[0.264s] -- Using all available rosidl_typesupport_cpp: rosidl_typesupport_fastrtps_cpp;rosidl_typesupport_introspection_cpp
[0.295s] -- Found rmw_implementation_cmake: 1.0.4 (/opt/ros/foxy/share/rmw_implementation_cmake/cmake)
[0.296s] -- Using RMW implementation 'rmw_fastrtps_cpp' as default
[0.388s] -- Found ament_lint_auto: 0.9.8 (/opt/ros/foxy/share/ament_lint_auto/cmake)
[0.434s] -- Added test 'copyright' to check source files copyright and LICENSE
[0.440s] -- Added test 'cppcheck' to perform static code analysis on C / C++ code
[0.440s] -- Configured cppcheck include dirs: 
[0.441s] -- Configured cppcheck exclude dirs and/or files: 
[0.446s] -- Added test 'cpplint' to check C / C++ code against the Google style
[0.446s] -- Configured cpplint exclude dirs and/or files: 
[0.447s] -- Added test 'flake8' to check Python code syntax and style conventions
[0.449s] -- Added test 'lint_cmake' to check CMake code style
[0.451s] -- Added test 'pep257' to check Python code against some of the style conventions in PEP 257
[0.457s] -- Added test 'uncrustify' to check C / C++ code style
[0.458s] -- Configured uncrustify additional arguments: 
[0.458s] -- Added test 'xmllint' to check XML markup files
[0.460s] -- Configuring done
[0.465s] -- Generating done
[0.468s] -- Build files have been written to: /home/mrdan/crs_ws/src/customer_and_peets/build/customer_and_peets
[0.501s] [100%] Built target peets_node
[0.501s] [100%] Built target customer_node
[0.509s] Invoked command in '/home/mrdan/crs_ws/src/customer_and_peets/build/customer_and_peets' returned '0': CMAKE_PREFIX_PATH=${CMAKE_PREFIX_PATH}:/home/mrdan/dev_ws/install/originbot_viz:/home/mrdan/dev_ws/install/originbot_demo:/home/mrdan/dev_ws/install/originbot_gazebo_harmonic:/home/mrdan/dev_ws/install/originbot_gazebo_fortress:/home/mrdan/dev_ws/install/originbot_gazebo:/home/mrdan/dev_ws/install/originbot_description:/home/mrdan/dev_ws/install/line_follower_model:/opt/ros/foxy /usr/bin/cmake --build /home/mrdan/crs_ws/src/customer_and_peets/build/customer_and_peets -- -j8 -l8
[0.524s] Invoking command in '/home/mrdan/crs_ws/src/customer_and_peets/build/customer_and_peets': CMAKE_PREFIX_PATH=${CMAKE_PREFIX_PATH}:/home/mrdan/dev_ws/install/originbot_viz:/home/mrdan/dev_ws/install/originbot_demo:/home/mrdan/dev_ws/install/originbot_gazebo_harmonic:/home/mrdan/dev_ws/install/originbot_gazebo_fortress:/home/mrdan/dev_ws/install/originbot_gazebo:/home/mrdan/dev_ws/install/originbot_description:/home/mrdan/dev_ws/install/line_follower_model:/opt/ros/foxy /usr/bin/cmake --install /home/mrdan/crs_ws/src/customer_and_peets/build/customer_and_peets
[0.529s] -- Install configuration: ""
[0.530s] -- Up-to-date: /home/mrdan/crs_ws/src/customer_and_peets/install/customer_and_peets/lib/customer_and_peets/customer_node
[0.530s] -- Up-to-date: /home/mrdan/crs_ws/src/customer_and_peets/install/customer_and_peets/lib/customer_and_peets/peets_node
[0.530s] -- Up-to-date: /home/mrdan/crs_ws/src/customer_and_peets/install/customer_and_peets/share/ament_index/resource_index/package_run_dependencies/customer_and_peets
[0.530s] -- Up-to-date: /home/mrdan/crs_ws/src/customer_and_peets/install/customer_and_peets/share/ament_index/resource_index/parent_prefix_path/customer_and_peets
[0.530s] -- Up-to-date: /home/mrdan/crs_ws/src/customer_and_peets/install/customer_and_peets/share/customer_and_peets/environment/ament_prefix_path.sh
[0.530s] -- Installing: /home/mrdan/crs_ws/src/customer_and_peets/install/customer_and_peets/share/customer_and_peets/environment/ament_prefix_path.dsv
[0.530s] -- Up-to-date: /home/mrdan/crs_ws/src/customer_and_peets/install/customer_and_peets/share/customer_and_peets/environment/path.sh
[0.530s] -- Installing: /home/mrdan/crs_ws/src/customer_and_peets/install/customer_and_peets/share/customer_and_peets/environment/path.dsv
[0.530s] -- Up-to-date: /home/mrdan/crs_ws/src/customer_and_peets/install/customer_and_peets/share/customer_and_peets/local_setup.bash
[0.530s] -- Up-to-date: /home/mrdan/crs_ws/src/customer_and_peets/install/customer_and_peets/share/customer_and_peets/local_setup.sh
[0.530s] -- Up-to-date: /home/mrdan/crs_ws/src/customer_and_peets/install/customer_and_peets/share/customer_and_peets/local_setup.zsh
[0.530s] -- Installing: /home/mrdan/crs_ws/src/customer_and_peets/install/customer_and_peets/share/customer_and_peets/local_setup.dsv
[0.530s] -- Installing: /home/mrdan/crs_ws/src/customer_and_peets/install/customer_and_peets/share/customer_and_peets/package.dsv
[0.530s] -- Up-to-date: /home/mrdan/crs_ws/src/customer_and_peets/install/customer_and_peets/share/ament_index/resource_index/packages/customer_and_peets
[0.530s] -- Up-to-date: /home/mrdan/crs_ws/src/customer_and_peets/install/customer_and_peets/share/customer_and_peets/cmake/customer_and_peetsConfig.cmake
[0.530s] -- Up-to-date: /home/mrdan/crs_ws/src/customer_and_peets/install/customer_and_peets/share/customer_and_peets/cmake/customer_and_peetsConfig-version.cmake
[0.531s] -- Installing: /home/mrdan/crs_ws/src/customer_and_peets/install/customer_and_peets/share/customer_and_peets/package.xml
[0.532s] Invoked command in '/home/mrdan/crs_ws/src/customer_and_peets/build/customer_and_peets' returned '0': CMAKE_PREFIX_PATH=${CMAKE_PREFIX_PATH}:/home/mrdan/dev_ws/install/originbot_viz:/home/mrdan/dev_ws/install/originbot_demo:/home/mrdan/dev_ws/install/originbot_gazebo_harmonic:/home/mrdan/dev_ws/install/originbot_gazebo_fortress:/home/mrdan/dev_ws/install/originbot_gazebo:/home/mrdan/dev_ws/install/originbot_description:/home/mrdan/dev_ws/install/line_follower_model:/opt/ros/foxy /usr/bin/cmake --install /home/mrdan/crs_ws/src/customer_and_peets/build/customer_and_peets
