[100%] Built target peets_node
[100%] Built target customer_node
-- Install configuration: ""
-- Up-to-date: /home/mrdan/crs_ws/src/customer_and_peets/install/customer_and_peets/lib/customer_and_peets/customer_node
-- Up-to-date: /home/mrdan/crs_ws/src/customer_and_peets/install/customer_and_peets/lib/customer_and_peets/peets_node
-- Up-to-date: /home/mrdan/crs_ws/src/customer_and_peets/install/customer_and_peets/share/ament_index/resource_index/package_run_dependencies/customer_and_peets
-- Up-to-date: /home/mrdan/crs_ws/src/customer_and_peets/install/customer_and_peets/share/ament_index/resource_index/parent_prefix_path/customer_and_peets
-- Up-to-date: /home/mrdan/crs_ws/src/customer_and_peets/install/customer_and_peets/share/customer_and_peets/environment/ament_prefix_path.sh
-- Up-to-date: /home/mrdan/crs_ws/src/customer_and_peets/install/customer_and_peets/share/customer_and_peets/environment/ament_prefix_path.dsv
-- Up-to-date: /home/mrdan/crs_ws/src/customer_and_peets/install/customer_and_peets/share/customer_and_peets/environment/path.sh
-- Up-to-date: /home/mrdan/crs_ws/src/customer_and_peets/install/customer_and_peets/share/customer_and_peets/environment/path.dsv
-- Up-to-date: /home/mrdan/crs_ws/src/customer_and_peets/install/customer_and_peets/share/customer_and_peets/local_setup.bash
-- Up-to-date: /home/mrdan/crs_ws/src/customer_and_peets/install/customer_and_peets/share/customer_and_peets/local_setup.sh
-- Up-to-date: /home/mrdan/crs_ws/src/customer_and_peets/install/customer_and_peets/share/customer_and_peets/local_setup.zsh
-- Up-to-date: /home/mrdan/crs_ws/src/customer_and_peets/install/customer_and_peets/share/customer_and_peets/local_setup.dsv
-- Installing: /home/mrdan/crs_ws/src/customer_and_peets/install/customer_and_peets/share/customer_and_peets/package.dsv
-- Up-to-date: /home/mrdan/crs_ws/src/customer_and_peets/install/customer_and_peets/share/ament_index/resource_index/packages/customer_and_peets
-- Up-to-date: /home/mrdan/crs_ws/src/customer_and_peets/install/customer_and_peets/share/customer_and_peets/cmake/customer_and_peetsConfig.cmake
-- Up-to-date: /home/mrdan/crs_ws/src/customer_and_peets/install/customer_and_peets/share/customer_and_peets/cmake/customer_and_peetsConfig-version.cmake
-- Up-to-date: /home/mrdan/crs_ws/src/customer_and_peets/install/customer_and_peets/share/customer_and_peets/package.xml
