[0.009s] Invoking command in '/home/mrdan/crs_ws/src/customer_and_peets/build/customer_and_peets': CMAKE_PREFIX_PATH=${CMAKE_PREFIX_PATH}:/home/mrdan/dev_ws/install/originbot_viz:/home/mrdan/dev_ws/install/originbot_demo:/home/mrdan/dev_ws/install/originbot_gazebo_harmonic:/home/mrdan/dev_ws/install/originbot_gazebo_fortress:/home/mrdan/dev_ws/install/originbot_gazebo:/home/mrdan/dev_ws/install/originbot_description:/home/mrdan/dev_ws/install/line_follower_model:/opt/ros/foxy /usr/bin/cmake --build /home/mrdan/crs_ws/src/customer_and_peets/build/customer_and_peets -- -j8 -l8
[0.050s] [100%] Built target peets_node
[0.051s] [100%] Built target customer_node
[0.058s] Invoked command in '/home/mrdan/crs_ws/src/customer_and_peets/build/customer_and_peets' returned '0': CMAKE_PREFIX_PATH=${CMAKE_PREFIX_PATH}:/home/mrdan/dev_ws/install/originbot_viz:/home/mrdan/dev_ws/install/originbot_demo:/home/mrdan/dev_ws/install/originbot_gazebo_harmonic:/home/mrdan/dev_ws/install/originbot_gazebo_fortress:/home/mrdan/dev_ws/install/originbot_gazebo:/home/mrdan/dev_ws/install/originbot_description:/home/mrdan/dev_ws/install/line_follower_model:/opt/ros/foxy /usr/bin/cmake --build /home/mrdan/crs_ws/src/customer_and_peets/build/customer_and_peets -- -j8 -l8
[0.068s] Invoking command in '/home/mrdan/crs_ws/src/customer_and_peets/build/customer_and_peets': CMAKE_PREFIX_PATH=${CMAKE_PREFIX_PATH}:/home/mrdan/dev_ws/install/originbot_viz:/home/mrdan/dev_ws/install/originbot_demo:/home/mrdan/dev_ws/install/originbot_gazebo_harmonic:/home/mrdan/dev_ws/install/originbot_gazebo_fortress:/home/mrdan/dev_ws/install/originbot_gazebo:/home/mrdan/dev_ws/install/originbot_description:/home/mrdan/dev_ws/install/line_follower_model:/opt/ros/foxy /usr/bin/cmake --install /home/mrdan/crs_ws/src/customer_and_peets/build/customer_and_peets
[0.074s] -- Install configuration: ""
[0.075s] -- Up-to-date: /home/mrdan/crs_ws/src/customer_and_peets/install/customer_and_peets/lib/customer_and_peets/customer_node
[0.075s] -- Up-to-date: /home/mrdan/crs_ws/src/customer_and_peets/install/customer_and_peets/lib/customer_and_peets/peets_node
[0.075s] -- Up-to-date: /home/mrdan/crs_ws/src/customer_and_peets/install/customer_and_peets/share/ament_index/resource_index/package_run_dependencies/customer_and_peets
[0.075s] -- Up-to-date: /home/mrdan/crs_ws/src/customer_and_peets/install/customer_and_peets/share/ament_index/resource_index/parent_prefix_path/customer_and_peets
[0.075s] -- Up-to-date: /home/mrdan/crs_ws/src/customer_and_peets/install/customer_and_peets/share/customer_and_peets/environment/ament_prefix_path.sh
[0.075s] -- Up-to-date: /home/mrdan/crs_ws/src/customer_and_peets/install/customer_and_peets/share/customer_and_peets/environment/ament_prefix_path.dsv
[0.075s] -- Up-to-date: /home/mrdan/crs_ws/src/customer_and_peets/install/customer_and_peets/share/customer_and_peets/environment/path.sh
[0.075s] -- Up-to-date: /home/mrdan/crs_ws/src/customer_and_peets/install/customer_and_peets/share/customer_and_peets/environment/path.dsv
[0.075s] -- Up-to-date: /home/mrdan/crs_ws/src/customer_and_peets/install/customer_and_peets/share/customer_and_peets/local_setup.bash
[0.075s] -- Up-to-date: /home/mrdan/crs_ws/src/customer_and_peets/install/customer_and_peets/share/customer_and_peets/local_setup.sh
[0.075s] -- Up-to-date: /home/mrdan/crs_ws/src/customer_and_peets/install/customer_and_peets/share/customer_and_peets/local_setup.zsh
[0.075s] -- Up-to-date: /home/mrdan/crs_ws/src/customer_and_peets/install/customer_and_peets/share/customer_and_peets/local_setup.dsv
[0.075s] -- Installing: /home/mrdan/crs_ws/src/customer_and_peets/install/customer_and_peets/share/customer_and_peets/package.dsv
[0.076s] -- Up-to-date: /home/mrdan/crs_ws/src/customer_and_peets/install/customer_and_peets/share/ament_index/resource_index/packages/customer_and_peets
[0.076s] -- Up-to-date: /home/mrdan/crs_ws/src/customer_and_peets/install/customer_and_peets/share/customer_and_peets/cmake/customer_and_peetsConfig.cmake
[0.076s] -- Up-to-date: /home/mrdan/crs_ws/src/customer_and_peets/install/customer_and_peets/share/customer_and_peets/cmake/customer_and_peetsConfig-version.cmake
[0.076s] -- Up-to-date: /home/mrdan/crs_ws/src/customer_and_peets/install/customer_and_peets/share/customer_and_peets/package.xml
[0.077s] Invoked command in '/home/mrdan/crs_ws/src/customer_and_peets/build/customer_and_peets' returned '0': CMAKE_PREFIX_PATH=${CMAKE_PREFIX_PATH}:/home/mrdan/dev_ws/install/originbot_viz:/home/mrdan/dev_ws/install/originbot_demo:/home/mrdan/dev_ws/install/originbot_gazebo_harmonic:/home/mrdan/dev_ws/install/originbot_gazebo_fortress:/home/mrdan/dev_ws/install/originbot_gazebo:/home/mrdan/dev_ws/install/originbot_description:/home/mrdan/dev_ws/install/line_follower_model:/opt/ros/foxy /usr/bin/cmake --install /home/mrdan/crs_ws/src/customer_and_peets/build/customer_and_peets
